2018-02-28 15:22:43,540 - __main__ - INFO - --------------------------------------  ETL  -----------------------------------------------
2018-02-28 15:22:43,540 - __main__ - INFO - Starting ETL
2018-02-28 15:22:46,640 - __main__ - INFO - duplicate key value violates unique constraint "DimEngagement_pkey"
DETAIL:  Key (engagement_id)=(000334df-bd7b-438a-ba8f-8a7d26e6b200) already exists.

2018-02-28 15:24:01,046 - __main__ - INFO - --------------------------------------  ETL  -----------------------------------------------
2018-02-28 15:24:01,046 - __main__ - INFO - Starting ETL
2018-02-28 15:24:03,881 - __main__ - INFO - duplicate key value violates unique constraint "DimEngagement_pkey"
DETAIL:  Key (engagement_id)=(000334df-bd7b-438a-ba8f-8a7d26e6b200) already exists.

2018-02-28 16:44:52,328 - __main__ - INFO - --------------------------------------  ETL  -----------------------------------------------
2018-02-28 16:44:52,328 - __main__ - INFO - Starting ETL
2018-02-28 16:46:22,681 - __main__ - INFO - --------------------------------------  ETL  -----------------------------------------------
2018-02-28 16:46:22,681 - __main__ - INFO - Starting ETL
2018-02-28 16:46:33,351 - __main__ - INFO - --------------------------------------  ETL  -----------------------------------------------
2018-02-28 16:46:33,351 - __main__ - INFO - Starting ETL
2018-02-28 16:47:07,414 - __main__ - INFO - --------------------------------------  ETL  -----------------------------------------------
2018-02-28 16:47:07,414 - __main__ - INFO - Starting ETL
2018-02-28 17:10:15,460 - __main__ - INFO - --------------------------------------  ETL  -----------------------------------------------
2018-02-28 17:10:15,460 - __main__ - INFO - Starting ETL
2018-02-28 17:10:26,956 - __main__ - INFO - --------------------------------------  ETL  -----------------------------------------------
2018-02-28 17:10:26,957 - __main__ - INFO - Starting ETL
2018-02-28 17:10:29,148 - __main__ - INFO - list index out of range
2018-02-28 17:12:05,601 - __main__ - INFO - --------------------------------------  ETL  -----------------------------------------------
2018-02-28 17:12:05,601 - __main__ - INFO - Starting ETL
2018-02-28 17:13:02,542 - __main__ - INFO - list index out of range
2018-02-28 17:13:10,213 - __main__ - INFO - --------------------------------------  ETL  -----------------------------------------------
2018-02-28 17:13:10,213 - __main__ - INFO - Starting ETL
2018-02-28 17:14:29,721 - __main__ - INFO - list index out of range
2018-02-28 17:15:08,733 - __main__ - INFO - list index out of range
2018-02-28 17:15:19,848 - __main__ - INFO - list index out of range
2018-02-28 17:15:28,454 - __main__ - INFO - --------------------------------------  ETL  -----------------------------------------------
2018-02-28 17:15:28,454 - __main__ - INFO - Starting ETL
2018-02-28 17:15:41,295 - __main__ - INFO - list index out of range
2018-02-28 17:16:25,292 - __main__ - INFO - --------------------------------------  ETL  -----------------------------------------------
2018-02-28 17:16:25,292 - __main__ - INFO - Starting ETL
2018-02-28 17:16:39,408 - __main__ - INFO - --------------------------------------  ETL  -----------------------------------------------
2018-02-28 17:16:39,408 - __main__ - INFO - Starting ETL
2018-02-28 18:18:21,417 - __main__ - INFO - --------------------------------------  ETL  -----------------------------------------------
2018-02-28 18:18:21,417 - __main__ - INFO - Starting ETL
2018-02-28 18:18:33,638 - __main__ - INFO - --------------------------------------  ETL  -----------------------------------------------
2018-02-28 18:18:33,638 - __main__ - INFO - Starting ETL
2018-02-28 18:19:17,292 - __main__ - INFO - --------------------------------------  ETL  -----------------------------------------------
2018-02-28 18:19:17,292 - __main__ - INFO - Starting ETL
2018-02-28 18:19:28,815 - __main__ - INFO - --------------------------------------  ETL  -----------------------------------------------
2018-02-28 18:19:28,815 - __main__ - INFO - Starting ETL
2018-02-28 18:20:28,069 - __main__ - INFO - column "event_author" does not exist
LINE 1: ...signee_group = NULL AND security_level = NULL AND event_auth...
                                                             ^

2018-02-28 18:20:31,275 - __main__ - INFO - --------------------------------------  ETL  -----------------------------------------------
2018-02-28 18:20:31,275 - __main__ - INFO - Starting ETL
2018-02-28 18:20:35,938 - __main__ - INFO - column "event_author" does not exist
LINE 1: ...signee_group = NULL AND security_level = NULL AND event_auth...
                                                             ^

2018-02-28 18:20:37,410 - __main__ - INFO - --------------------------------------  ETL  -----------------------------------------------
2018-02-28 18:20:37,411 - __main__ - INFO - Starting ETL
2018-02-28 18:20:41,775 - __main__ - INFO - column "event_author" does not exist
LINE 1: ...signee_group = NULL AND security_level = NULL AND event_auth...
                                                             ^

2018-02-28 18:20:42,881 - __main__ - INFO - --------------------------------------  ETL  -----------------------------------------------
2018-02-28 18:20:42,881 - __main__ - INFO - Starting ETL
2018-02-28 18:21:22,793 - __main__ - INFO - --------------------------------------  ETL  -----------------------------------------------
2018-02-28 18:21:22,793 - __main__ - INFO - Starting ETL
2018-02-28 18:21:28,931 - __main__ - INFO - column "event_author" does not exist
LINE 1: ...signee_group = NULL AND security_level = NULL AND event_auth...
                                                             ^

2018-02-28 18:21:57,575 - __main__ - INFO - --------------------------------------  ETL  -----------------------------------------------
2018-02-28 18:21:57,576 - __main__ - INFO - Starting ETL
2018-02-28 18:22:05,019 - __main__ - INFO - column "event_author" does not exist
LINE 1: ...signee_group = NULL AND security_level = NULL AND event_auth...
                                                             ^

2018-02-28 18:22:46,058 - __main__ - INFO - --------------------------------------  ETL  -----------------------------------------------
2018-02-28 18:22:46,058 - __main__ - INFO - Starting ETL
2018-02-28 18:24:58,727 - __main__ - INFO - current transaction is aborted, commands ignored until end of transaction block

2018-02-28 18:25:10,845 - __main__ - INFO - column "event_author" does not exist
LINE 1: ...signee_group = NULL AND security_level = NULL AND event_auth...
                                                             ^

2018-02-28 18:25:23,381 - __main__ - INFO - current transaction is aborted, commands ignored until end of transaction block

2018-02-28 18:25:24,345 - __main__ - INFO - --------------------------------------  ETL  -----------------------------------------------
2018-02-28 18:25:24,345 - __main__ - INFO - Starting ETL
2018-02-28 18:25:36,296 - __main__ - INFO - --------------------------------------  ETL  -----------------------------------------------
2018-02-28 18:25:36,296 - __main__ - INFO - Starting ETL
2018-02-28 18:25:41,970 - __main__ - INFO - column "event_author" does not exist
LINE 1: ...signee_group = NULL AND security_level = NULL AND event_auth...
                                                             ^

2018-02-28 18:26:06,604 - __main__ - INFO - --------------------------------------  ETL  -----------------------------------------------
2018-02-28 18:26:06,604 - __main__ - INFO - Starting ETL
2018-02-28 18:26:14,410 - __main__ - INFO - column "event_author" does not exist
LINE 1: ...signee_group = NULL AND security_level = NULL AND event_auth...
                                                             ^

2018-02-28 18:26:19,005 - __main__ - INFO - --------------------------------------  ETL  -----------------------------------------------
2018-02-28 18:26:19,005 - __main__ - INFO - Starting ETL
2018-02-28 18:27:01,167 - __main__ - INFO - column "event_author" does not exist
LINE 1: ...signee_group = NULL AND security_level = NULL AND event_auth...
                                                             ^

2018-02-28 18:27:16,884 - __main__ - INFO - --------------------------------------  ETL  -----------------------------------------------
2018-02-28 18:27:16,884 - __main__ - INFO - Starting ETL
2018-02-28 18:27:27,007 - __main__ - INFO - --------------------------------------  ETL  -----------------------------------------------
2018-02-28 18:27:27,007 - __main__ - INFO - Starting ETL
2018-02-28 18:27:29,657 - __main__ - INFO - column "event_author" does not exist
LINE 1: ...signee_group = NULL AND security_level = NULL AND event_auth...
                                                             ^

2018-02-28 18:27:39,209 - __main__ - INFO - --------------------------------------  ETL  -----------------------------------------------
2018-02-28 18:27:39,209 - __main__ - INFO - Starting ETL
2018-02-28 18:29:49,051 - __main__ - INFO - --------------------------------------  ETL  -----------------------------------------------
2018-02-28 18:29:49,051 - __main__ - INFO - Starting ETL
2018-02-28 18:30:13,510 - __main__ - INFO - --------------------------------------  ETL  -----------------------------------------------
2018-02-28 18:30:13,510 - __main__ - INFO - Starting ETL
2018-02-28 18:30:18,921 - __main__ - INFO - --------------------------------------  ETL  -----------------------------------------------
2018-02-28 18:30:18,921 - __main__ - INFO - Starting ETL
2018-02-28 18:30:23,640 - __main__ - INFO - --------------------------------------  ETL  -----------------------------------------------
2018-02-28 18:30:23,641 - __main__ - INFO - Starting ETL
2018-02-28 18:30:28,486 - __main__ - INFO - --------------------------------------  ETL  -----------------------------------------------
2018-02-28 18:30:28,486 - __main__ - INFO - Starting ETL
